✨4.4.2025, 12:51:12✨ - Status Code: undefined - Error: undefined
✨4.4.2025, 12:51:27✨ - Status Code: undefined - Error: undefined
✨4.4.2025, 12:52:10✨ - Status Code: undefined - Error: undefined
✨4.4.2025, 12:56:25✨ - Status Code: undefined - Error: undefined
✨4.4.2025, 12:56:31✨ - Status Code: undefined - Error: undefined
✨4.4.2025, 12:56:34✨ - Status Code: undefined - Error: undefined
✨4.4.2025, 12:58:33✨ - Status Code: undefined - Error: undefined
✨4.4.2025, 15:12:24✨ - Status Code: undefined - Error: undefined
✨4.4.2025, 15:12:30✨ - Status Code: undefined - Error: undefined
✨4.4.2025, 15:12:32✨ - Status Code: undefined - Error: undefined
✨4.4.2025, 15:12:51✨ - Status Code: undefined - Error: undefined
✨4.4.2025, 15:12:57✨ - Status Code: undefined - Error: undefined
✨4.4.2025, 15:12:58✨ - Status Code: undefined - Error: undefined
✨4.4.2025, 15:13:02✨ - Status Code: undefined - Error: undefined
✨4.4.2025, 15:13:30✨ - Status Code: undefined - Error: undefined
✨4.4.2025, 15:13:38✨ - Status Code: undefined - Error: undefined
✨4.4.2025, 15:13:46✨ - Status Code: undefined - Error: undefined
✨4.4.2025, 15:13:48✨ - Status Code: undefined - Error: undefined
✨4.4.2025, 15:13:51✨ - Status Code: undefined - Error: undefined
✨4.4.2025, 15:13:53✨ - Status Code: undefined - Error: undefined
✨4.4.2025, 15:13:59✨ - Status Code: undefined - Error: undefined
✨4.4.2025, 15:14:02✨ - Status Code: undefined - Error: undefined
✨4.4.2025, 15:14:07✨ - Status Code: undefined - Error: undefined
✨4.4.2025, 15:14:12✨ - Status Code: undefined - Error: undefined
✨4.4.2025, 15:14:18✨ - Status Code: undefined - Error: undefined
✨4.4.2025, 15:14:23✨ - Status Code: undefined - Error: undefined
✨4.4.2025, 15:14:58✨ - Status Code: undefined - Error: undefined
✨4.4.2025, 15:15:05✨ - Status Code: undefined - Error: undefined
✨4.4.2025, 15:15:09✨ - Status Code: undefined - Error: undefined
✨4.4.2025, 15:15:15✨ - Status Code: undefined - Error: undefined
✨4.4.2025, 15:15:17✨ - Status Code: undefined - Error: undefined
✨4.4.2025, 15:15:19✨ - Status Code: undefined - Error: undefined
✨4.4.2025, 15:15:36✨ - Status Code: undefined - Error: undefined
✨4.4.2025, 15:15:38✨ - Status Code: undefined - Error: undefined
✨4.4.2025, 15:15:41✨ - Status Code: undefined - Error: undefined
✨4.4.2025, 15:15:52✨ - Status Code: undefined - Error: undefined
✨4.4.2025, 15:15:55✨ - Status Code: undefined - Error: undefined
✨4.4.2025, 15:15:58✨ - Status Code: undefined - Error: undefined
✨4.4.2025, 15:16:00✨ - Status Code: undefined - Error: undefined
✨4.4.2025, 15:16:03✨ - Status Code: undefined - Error: undefined
✨4.4.2025, 15:16:07✨ - Status Code: undefined - Error: undefined
✨4.4.2025, 15:16:10✨ - Status Code: undefined - Error: undefined
✨4.4.2025, 15:16:13✨ - Status Code: undefined - Error: undefined
✨4.4.2025, 15:16:19✨ - Status Code: undefined - Error: undefined
✨4.4.2025, 15:16:23✨ - Status Code: undefined - Error: undefined
✨4.4.2025, 15:16:24✨ - Status Code: undefined - Error: undefined
✨4.4.2025, 15:25:35✨ - Status Code: undefined - Error: undefined
✨4.4.2025, 15:25:38✨ - Status Code: undefined - Error: undefined
✨4.4.2025, 15:25:42✨ - Status Code: undefined - Error: undefined
✨4.4.2025, 15:25:43✨ - Status Code: undefined - Error: undefined
✨4.4.2025, 15:33:01✨ - Status Code: undefined - Error: undefined
✨4.4.2025, 15:33:16✨ - Status Code: undefined - Error: undefined
✨4.4.2025, 15:33:24✨ - Status Code: undefined - Error: undefined
✨4.4.2025, 15:33:28✨ - Status Code: undefined - Error: undefined
✨4.4.2025, 15:33:35✨ - Status Code: undefined - Error: undefined
✨4.4.2025, 15:33:39✨ - Status Code: 404 - Error: Fruit not found
✨4.4.2025, 15:33:39✨ - Status Code: 404 - Error: Fruit not found
✨4.4.2025, 15:33:39✨ - Status Code: 404 - Error: Fruit not found
✨4.4.2025, 15:34:00✨ - Status Code: undefined - Error: undefined
✨4.4.2025, 15:34:05✨ - Status Code: undefined - Error: undefined
✨4.4.2025, 15:34:14✨ - Status Code: undefined - Error: undefined
✨4.4.2025, 15:34:19✨ - Status Code: undefined - Error: undefined
✨4.4.2025, 15:34:22✨ - Status Code: undefined - Error: undefined
✨4.4.2025, 15:34:31✨ - Status Code: 404 - Error: Fruit not found
✨4.4.2025, 15:34:31✨ - Status Code: 404 - Error: Fruit not found
✨4.4.2025, 15:34:40✨ - Status Code: 404 - Error: Fruit not found
✨4.4.2025, 15:34:40✨ - Status Code: 404 - Error: Fruit not found
✨4.4.2025, 15:36:25✨ - Status Code: 404 - Error: Fruit not found
✨4.4.2025, 15:36:25✨ - Status Code: 404 - Error: Fruit not found
✨4.4.2025, 15:38:44✨ - Status Code: undefined - Error: undefined
✨4.4.2025, 15:38:48✨ - Status Code: undefined - Error: undefined
✨4.4.2025, 15:38:53✨ - Status Code: undefined - Error: undefined
✨4.4.2025, 15:38:54✨ - Status Code: 404 - Error: Fruit not found
✨4.4.2025, 15:38:54✨ - Status Code: 404 - Error: Fruit not found
✨4.4.2025, 15:38:56✨ - Status Code: 404 - Error: Fruit not found
✨4.4.2025, 15:38:56✨ - Status Code: 404 - Error: Fruit not found
✨4.4.2025, 15:39:07✨ - Status Code: undefined - Error: undefined
✨4.4.2025, 15:39:10✨ - Status Code: undefined - Error: undefined
✨4.4.2025, 15:40:01✨ - Status Code: undefined - Error: undefined
✨4.4.2025, 15:40:03✨ - Status Code: undefined - Error: undefined
✨4.4.2025, 15:40:07✨ - Status Code: undefined - Error: undefined
✨4.4.2025, 15:40:08✨ - Status Code: undefined - Error: undefined
✨4.4.2025, 15:40:24✨ - Status Code: undefined - Error: undefined
✨4.4.2025, 15:40:45✨ - Status Code: undefined - Error: undefined
✨4.4.2025, 15:41:02✨ - Status Code: undefined - Error: undefined
✨4.4.2025, 15:41:39✨ - Status Code: undefined - Error: undefined
✨4.4.2025, 15:41:41✨ - Status Code: undefined - Error: undefined
✨4.4.2025, 15:41:44✨ - Status Code: undefined - Error: undefined
✨4.4.2025, 15:41:45✨ - Status Code: undefined - Error: undefined
✨4.4.2025, 15:41:56✨ - Status Code: undefined - Error: undefined
✨4.4.2025, 15:42:02✨ - Status Code: undefined - Error: undefined
✨4.4.2025, 15:42:04✨ - Status Code: undefined - Error: undefined
✨4.4.2025, 15:42:05✨ - Status Code: undefined - Error: undefined
✨4.4.2025, 15:42:15✨ - Status Code: undefined - Error: undefined
✨4.4.2025, 15:42:22✨ - Status Code: undefined - Error: undefined
✨4.4.2025, 15:42:24✨ - Status Code: undefined - Error: undefined
✨4.4.2025, 15:42:25✨ - Status Code: undefined - Error: undefined
✨4.4.2025, 15:42:34✨ - Status Code: undefined - Error: undefined
✨4.4.2025, 15:42:50✨ - Status Code: undefined - Error: undefined
✨4.4.2025, 15:42:54✨ - Status Code: undefined - Error: undefined
✨4.4.2025, 15:42:55✨ - Status Code: undefined - Error: undefined
✨4.4.2025, 15:43:01✨ - Status Code: undefined - Error: undefined
✨4.4.2025, 15:43:14✨ - Status Code: undefined - Error: undefined
✨4.4.2025, 15:43:29✨ - Status Code: undefined - Error: undefined
✨4.4.2025, 15:43:30✨ - Status Code: undefined - Error: undefined
✨4.4.2025, 15:44:06✨ - Status Code: undefined - Error: undefined
✨4.4.2025, 15:44:16✨ - Status Code: 401 - Error: No Have Access. No Token Provided
✨4.4.2025, 15:44:16✨ - Status Code: 401 - Error: No Have Access. No Token Provided
✨4.4.2025, 15:44:17✨ - Status Code: 401 - Error: No Have Access. No Token Provided
✨4.4.2025, 15:44:17✨ - Status Code: 401 - Error: No Have Access. No Token Provided
✨4.4.2025, 15:44:20✨ - Status Code: 401 - Error: No Have Access. No Token Provided
✨4.4.2025, 15:44:20✨ - Status Code: 401 - Error: No Have Access. No Token Provided
✨4.4.2025, 15:44:30✨ - Status Code: undefined - Error: undefined
✨4.4.2025, 15:44:34✨ - Status Code: undefined - Error: undefined
✨4.4.2025, 15:44:36✨ - Status Code: undefined - Error: undefined
✨4.4.2025, 15:44:37✨ - Status Code: undefined - Error: undefined
✨4.4.2025, 15:46:27✨ - Status Code: undefined - Error: undefined
✨4.4.2025, 15:46:30✨ - Status Code: undefined - Error: undefined
✨4.4.2025, 15:46:56✨ - Status Code: undefined - Error: undefined
✨4.4.2025, 15:46:59✨ - Status Code: undefined - Error: undefined
✨4.4.2025, 15:47:48✨ - Status Code: undefined - Error: undefined
✨4.4.2025, 15:56:24✨ - Status Code: 400 - Error: "products[19].product_image" must be a valid uri
✨4.4.2025, 15:56:58✨ - Status Code: 400 - Error: "products[19].product_image" must be a valid uri
✨4.4.2025, 15:57:36✨ - Status Code: 400 - Error: "products[19].product_image" must be a valid uri
✨4.4.2025, 15:58:18✨ - Status Code: 400 - Error: "products[18].product_image" must be a valid uri
✨4.4.2025, 15:59:00✨ - Status Code: 400 - Error: "products[17].product_image" must be a valid uri
✨4.4.2025, 16:03:02✨ - Status Code: 404 - Error: product not found
✨4.4.2025, 16:03:15✨ - Status Code: 404 - Error: product not found
✨4.4.2025, 16:03:15✨ - Status Code: 404 - Error: product not found
✨4.4.2025, 16:04:48✨ - Status Code: undefined - Error: undefined
✨4.4.2025, 16:04:50✨ - Status Code: undefined - Error: undefined
✨4.4.2025, 16:05:24✨ - Status Code: undefined - Error: undefined
✨4.4.2025, 16:05:27✨ - Status Code: undefined - Error: undefined
✨4.4.2025, 16:05:29✨ - Status Code: undefined - Error: undefined
✨4.4.2025, 16:06:09✨ - Status Code: undefined - Error: undefined
✨4.4.2025, 16:17:51✨ - Status Code: undefined - Error: undefined
✨4.4.2025, 16:18:51✨ - Status Code: undefined - Error: undefined
✨4.4.2025, 16:18:59✨ - Status Code: undefined - Error: undefined
✨4.4.2025, 16:29:13✨ - Status Code: 404 - Error: This Product is not exists
✨4.4.2025, 16:29:33✨ - Status Code: 404 - Error: This Product is not exists
✨4.4.2025, 16:30:52✨ - Status Code: undefined - Error: undefined
✨4.4.2025, 16:30:55✨ - Status Code: undefined - Error: undefined
✨4.4.2025, 16:31:04✨ - Status Code: undefined - Error: undefined
✨4.4.2025, 16:31:09✨ - Status Code: undefined - Error: undefined
✨4.4.2025, 16:31:20✨ - Status Code: undefined - Error: undefined
✨4.4.2025, 16:31:22✨ - Status Code: undefined - Error: undefined
✨4.4.2025, 16:31:35✨ - Status Code: undefined - Error: undefined
✨4.4.2025, 16:32:00✨ - Status Code: undefined - Error: undefined
✨4.4.2025, 16:32:03✨ - Status Code: undefined - Error: undefined
✨4.4.2025, 16:32:17✨ - Status Code: undefined - Error: undefined
✨4.4.2025, 16:33:17✨ - Status Code: undefined - Error: undefined
✨4.4.2025, 16:33:27✨ - Status Code: undefined - Error: undefined
✨4.4.2025, 16:37:24✨ - Status Code: 400 - Error: "discount" must be a number
✨4.4.2025, 16:38:54✨ - Status Code: 400 - Error: "discount" must be a number
✨4.4.2025, 16:39:29✨ - Status Code: undefined - Error: undefined
✨4.4.2025, 16:39:34✨ - Status Code: undefined - Error: undefined
✨4.4.2025, 16:39:40✨ - Status Code: undefined - Error: undefined
✨4.4.2025, 16:39:47✨ - Status Code: undefined - Error: undefined
✨4.4.2025, 16:39:52✨ - Status Code: undefined - Error: undefined
✨4.4.2025, 16:39:58✨ - Status Code: undefined - Error: undefined
✨4.4.2025, 16:40:05✨ - Status Code: undefined - Error: undefined
✨4.4.2025, 16:40:28✨ - Status Code: undefined - Error: undefined
✨4.4.2025, 16:56:19✨ - Status Code: 401 - Error: No Have Access. No Token Provided
✨4.4.2025, 16:57:22✨ - Status Code: undefined - Error: undefined
✨4.4.2025, 16:57:40✨ - Status Code: undefined - Error: undefined
✨4.4.2025, 16:57:42✨ - Status Code: undefined - Error: undefined
✨4.4.2025, 16:57:43✨ - Status Code: undefined - Error: undefined
✨4.4.2025, 16:57:46✨ - Status Code: undefined - Error: undefined
✨4.4.2025, 16:57:48✨ - Status Code: undefined - Error: undefined
✨4.4.2025, 16:57:52✨ - Status Code: undefined - Error: undefined
✨4.4.2025, 16:58:03✨ - Status Code: undefined - Error: undefined
✨4.4.2025, 16:58:05✨ - Status Code: undefined - Error: undefined
✨4.4.2025, 16:58:25✨ - Status Code: undefined - Error: undefined
✨4.4.2025, 16:58:29✨ - Status Code: undefined - Error: undefined
✨4.4.2025, 16:58:34✨ - Status Code: undefined - Error: undefined
✨4.4.2025, 16:58:54✨ - Status Code: undefined - Error: undefined
✨4.4.2025, 16:59:06✨ - Status Code: undefined - Error: undefined
✨4.4.2025, 16:59:32✨ - Status Code: undefined - Error: undefined
✨4.4.2025, 17:00:04✨ - Status Code: undefined - Error: undefined
✨4.4.2025, 17:01:46✨ - Status Code: undefined - Error: undefined
✨4.4.2025, 17:01:52✨ - Status Code: undefined - Error: undefined
✨4.4.2025, 17:02:08✨ - Status Code: undefined - Error: undefined
✨4.4.2025, 17:02:22✨ - Status Code: undefined - Error: undefined
✨4.4.2025, 17:04:42✨ - Status Code: undefined - Error: undefined
✨4.4.2025, 17:04:43✨ - Status Code: undefined - Error: undefined
✨4.4.2025, 17:05:09✨ - Status Code: undefined - Error: undefined
✨4.4.2025, 17:05:14✨ - Status Code: undefined - Error: undefined
✨4.4.2025, 17:05:28✨ - Status Code: undefined - Error: undefined
✨4.4.2025, 17:05:30✨ - Status Code: undefined - Error: undefined
✨4.4.2025, 17:05:34✨ - Status Code: undefined - Error: undefined
✨4.4.2025, 17:05:36✨ - Status Code: undefined - Error: undefined
✨4.4.2025, 17:05:47✨ - Status Code: undefined - Error: undefined
✨4.4.2025, 17:05:49✨ - Status Code: undefined - Error: undefined
✨4.4.2025, 17:06:57✨ - Status Code: undefined - Error: undefined
✨4.4.2025, 17:06:58✨ - Status Code: 500 - Error: str is not defined
✨4.4.2025, 17:06:58✨ - Status Code: 500 - Error: str is not defined
✨4.4.2025, 17:07:01✨ - Status Code: 500 - Error: str is not defined
✨4.4.2025, 17:07:01✨ - Status Code: 500 - Error: str is not defined
✨4.4.2025, 17:07:14✨ - Status Code: undefined - Error: undefined
✨4.4.2025, 17:07:16✨ - Status Code: undefined - Error: undefined
✨4.4.2025, 17:07:19✨ - Status Code: undefined - Error: undefined
✨4.4.2025, 17:08:04✨ - Status Code: undefined - Error: undefined
✨4.4.2025, 17:08:11✨ - Status Code: undefined - Error: undefined
✨4.4.2025, 17:08:22✨ - Status Code: undefined - Error: undefined
✨4.4.2025, 17:08:26✨ - Status Code: undefined - Error: undefined
✨4.4.2025, 17:09:09✨ - Status Code: undefined - Error: undefined
✨4.4.2025, 17:11:01✨ - Status Code: undefined - Error: undefined
✨4.4.2025, 17:11:03✨ - Status Code: undefined - Error: undefined
✨4.4.2025, 17:12:29✨ - Status Code: undefined - Error: undefined
✨4.4.2025, 17:13:19✨ - Status Code: undefined - Error: undefined
✨4.4.2025, 17:13:21✨ - Status Code: undefined - Error: undefined
✨4.4.2025, 17:13:23✨ - Status Code: undefined - Error: undefined
✨4.4.2025, 17:14:57✨ - Status Code: undefined - Error: undefined
✨4.4.2025, 17:14:59✨ - Status Code: undefined - Error: undefined
✨4.4.2025, 17:15:01✨ - Status Code: undefined - Error: undefined
✨4.4.2025, 17:15:04✨ - Status Code: undefined - Error: undefined
✨4.4.2025, 17:16:30✨ - Status Code: undefined - Error: undefined
✨4.4.2025, 17:17:10✨ - Status Code: undefined - Error: undefined
✨4.4.2025, 17:17:52✨ - Status Code: undefined - Error: undefined
✨4.4.2025, 17:19:10✨ - Status Code: undefined - Error: undefined
✨4.4.2025, 17:19:12✨ - Status Code: undefined - Error: undefined
✨4.4.2025, 17:19:17✨ - Status Code: undefined - Error: undefined
✨4.4.2025, 17:19:38✨ - Status Code: undefined - Error: undefined
✨4.4.2025, 17:21:08✨ - Status Code: undefined - Error: undefined
✨4.4.2025, 17:21:35✨ - Status Code: undefined - Error: undefined
✨4.4.2025, 17:21:37✨ - Status Code: undefined - Error: undefined
✨4.4.2025, 17:21:42✨ - Status Code: undefined - Error: undefined
✨4.4.2025, 17:21:45✨ - Status Code: undefined - Error: undefined
✨4.4.2025, 17:23:33✨ - Status Code: undefined - Error: undefined
✨4.4.2025, 18:18:52✨ - Status Code: undefined - Error: undefined
✨4.4.2025, 18:32:10✨ - Status Code: undefined - Error: undefined
✨4.4.2025, 18:34:47✨ - Status Code: undefined - Error: undefined
✨4.4.2025, 20:11:31✨ - Status Code: undefined - Error: undefined
✨5.4.2025, 2:07:18✨ - Status Code: 400 - Error: "email" must be a valid email
✨5.4.2025, 2:07:23✨ - Status Code: 400 - Error: "email" must be a valid email
