✨5.4.2025, 8:15:22✨ - Status Code: undefined - Error: undefined
✨5.4.2025, 11:40:46✨ - Status Code: 401 - Error: No Have Access. No Token Provided
✨5.4.2025, 11:41:01✨ - Status Code: 401 - Error: No Have Access. No Token Provided
✨5.4.2025, 11:41:01✨ - Status Code: 401 - Error: No Have Access. No Token Provided
✨5.4.2025, 11:53:53✨ - Status Code: undefined - Error: undefined
✨5.4.2025, 11:54:46✨ - Status Code: undefined - Error: undefined
✨5.4.2025, 11:54:47✨ - Status Code: undefined - Error: undefined
✨5.4.2025, 11:54:54✨ - Status Code: undefined - Error: undefined
✨5.4.2025, 11:54:58✨ - Status Code: undefined - Error: undefined
✨5.4.2025, 11:55:06✨ - Status Code: undefined - Error: undefined
✨5.4.2025, 11:55:09✨ - Status Code: undefined - Error: undefined
✨5.4.2025, 11:55:17✨ - Status Code: undefined - Error: undefined
✨5.4.2025, 11:55:21✨ - Status Code: undefined - Error: undefined
✨5.4.2025, 11:55:23✨ - Status Code: undefined - Error: undefined
✨5.4.2025, 11:55:25✨ - Status Code: undefined - Error: undefined
✨5.4.2025, 11:55:27✨ - Status Code: undefined - Error: undefined
✨5.4.2025, 11:55:30✨ - Status Code: undefined - Error: undefined
✨5.4.2025, 11:55:31✨ - Status Code: undefined - Error: undefined
✨5.4.2025, 11:55:32✨ - Status Code: undefined - Error: undefined
✨5.4.2025, 11:55:34✨ - Status Code: undefined - Error: undefined
✨5.4.2025, 11:55:38✨ - Status Code: undefined - Error: undefined
✨5.4.2025, 11:55:42✨ - Status Code: undefined - Error: undefined
✨5.4.2025, 11:55:43✨ - Status Code: undefined - Error: undefined
✨5.4.2025, 11:55:48✨ - Status Code: undefined - Error: undefined
✨5.4.2025, 11:55:50✨ - Status Code: undefined - Error: undefined
✨5.4.2025, 11:55:57✨ - Status Code: undefined - Error: undefined
✨5.4.2025, 11:56:00✨ - Status Code: undefined - Error: undefined
✨5.4.2025, 11:56:03✨ - Status Code: undefined - Error: undefined
✨5.4.2025, 11:56:33✨ - Status Code: undefined - Error: undefined
✨5.4.2025, 11:56:34✨ - Status Code: undefined - Error: undefined
✨5.4.2025, 11:56:38✨ - Status Code: undefined - Error: undefined
✨5.4.2025, 11:56:46✨ - Status Code: undefined - Error: undefined
✨5.4.2025, 11:56:47✨ - Status Code: undefined - Error: undefined
✨5.4.2025, 11:56:59✨ - Status Code: undefined - Error: undefined
✨5.4.2025, 11:57:09✨ - Status Code: undefined - Error: undefined
✨5.4.2025, 11:57:11✨ - Status Code: undefined - Error: undefined
✨5.4.2025, 11:57:18✨ - Status Code: undefined - Error: undefined
✨5.4.2025, 11:57:41✨ - Status Code: undefined - Error: undefined
✨5.4.2025, 11:57:48✨ - Status Code: undefined - Error: undefined
✨5.4.2025, 11:57:54✨ - Status Code: undefined - Error: undefined
✨5.4.2025, 11:57:55✨ - Status Code: undefined - Error: undefined
✨5.4.2025, 11:58:00✨ - Status Code: undefined - Error: undefined
✨5.4.2025, 11:58:02✨ - Status Code: undefined - Error: undefined
✨5.4.2025, 11:58:06✨ - Status Code: undefined - Error: undefined
✨5.4.2025, 11:58:10✨ - Status Code: undefined - Error: undefined
✨5.4.2025, 11:58:14✨ - Status Code: undefined - Error: undefined
✨5.4.2025, 11:58:20✨ - Status Code: undefined - Error: undefined
✨5.4.2025, 11:58:26✨ - Status Code: undefined - Error: undefined
✨5.4.2025, 11:58:39✨ - Status Code: undefined - Error: undefined
✨5.4.2025, 11:58:44✨ - Status Code: undefined - Error: undefined
✨5.4.2025, 11:59:03✨ - Status Code: undefined - Error: undefined
✨5.4.2025, 11:59:18✨ - Status Code: undefined - Error: undefined
✨5.4.2025, 11:59:23✨ - Status Code: undefined - Error: undefined
✨5.4.2025, 11:59:27✨ - Status Code: undefined - Error: undefined
✨5.4.2025, 11:59:52✨ - Status Code: undefined - Error: undefined
✨5.4.2025, 11:59:54✨ - Status Code: undefined - Error: undefined
✨5.4.2025, 11:59:58✨ - Status Code: undefined - Error: undefined
✨5.4.2025, 12:00:00✨ - Status Code: undefined - Error: undefined
✨5.4.2025, 12:00:03✨ - Status Code: undefined - Error: undefined
✨5.4.2025, 12:00:43✨ - Status Code: undefined - Error: undefined
✨5.4.2025, 12:00:48✨ - Status Code: undefined - Error: undefined
✨5.4.2025, 12:00:50✨ - Status Code: undefined - Error: undefined
✨5.4.2025, 12:01:11✨ - Status Code: undefined - Error: undefined
✨5.4.2025, 12:01:18✨ - Status Code: undefined - Error: undefined
✨5.4.2025, 12:01:20✨ - Status Code: undefined - Error: undefined
✨5.4.2025, 12:01:23✨ - Status Code: undefined - Error: undefined
✨5.4.2025, 12:01:24✨ - Status Code: undefined - Error: undefined
✨5.4.2025, 12:01:26✨ - Status Code: undefined - Error: undefined
✨5.4.2025, 12:01:29✨ - Status Code: undefined - Error: undefined
✨5.4.2025, 12:01:33✨ - Status Code: undefined - Error: undefined
✨5.4.2025, 12:01:36✨ - Status Code: undefined - Error: undefined
✨5.4.2025, 12:02:07✨ - Status Code: undefined - Error: undefined
✨5.4.2025, 12:02:12✨ - Status Code: undefined - Error: undefined
✨5.4.2025, 12:02:16✨ - Status Code: undefined - Error: undefined
✨5.4.2025, 12:02:20✨ - Status Code: undefined - Error: undefined
✨5.4.2025, 12:06:18✨ - Status Code: 500 - Error: req.status is not a function
✨5.4.2025, 12:09:24✨ - Status Code: 500 - Error: req.status is not a function
✨5.4.2025, 12:09:56✨ - Status Code: undefined - Error: undefined
✨5.4.2025, 12:11:10✨ - Status Code: undefined - Error: undefined
✨5.4.2025, 12:11:14✨ - Status Code: 500 - Error: Cast to Boolean failed for value "{}" (type Object) at path "isAdmin" because of "CastError"
✨5.4.2025, 12:13:40✨ - Status Code: undefined - Error: undefined
✨5.4.2025, 12:13:50✨ - Status Code: undefined - Error: undefined
✨5.4.2025, 12:13:53✨ - Status Code: undefined - Error: undefined
✨5.4.2025, 12:13:59✨ - Status Code: undefined - Error: undefined
✨5.4.2025, 12:14:03✨ - Status Code: 500 - Error: Cast to Boolean failed for value "{}" (type Object) at path "isAdmin" for model "User"
✨5.4.2025, 12:14:14✨ - Status Code: undefined - Error: undefined
✨5.4.2025, 12:14:17✨ - Status Code: 500 - Error: Cast to Boolean failed for value "{}" (type Object) at path "isAdmin" for model "User"
✨5.4.2025, 12:14:31✨ - Status Code: undefined - Error: undefined
✨5.4.2025, 12:14:48✨ - Status Code: 500 - Error: Cast to Boolean failed for value "{}" (type Object) at path "isAdmin" for model "User"
✨5.4.2025, 12:15:22✨ - Status Code: undefined - Error: undefined
✨5.4.2025, 12:15:26✨ - Status Code: undefined - Error: undefined
✨5.4.2025, 12:15:31✨ - Status Code: undefined - Error: undefined
✨5.4.2025, 12:17:09✨ - Status Code: undefined - Error: undefined
✨5.4.2025, 12:17:29✨ - Status Code: undefined - Error: undefined
✨5.4.2025, 12:17:33✨ - Status Code: undefined - Error: undefined
✨5.4.2025, 12:17:34✨ - Status Code: undefined - Error: undefined
✨5.4.2025, 12:17:36✨ - Status Code: undefined - Error: undefined
✨5.4.2025, 12:19:00✨ - Status Code: undefined - Error: undefined
✨5.4.2025, 12:19:05✨ - Status Code: undefined - Error: undefined
✨5.4.2025, 12:19:07✨ - Status Code: undefined - Error: undefined
✨5.4.2025, 12:19:23✨ - Status Code: undefined - Error: undefined
✨5.4.2025, 12:19:26✨ - Status Code: undefined - Error: undefined
✨5.4.2025, 12:19:34✨ - Status Code: undefined - Error: undefined
✨5.4.2025, 12:19:39✨ - Status Code: undefined - Error: undefined
✨5.4.2025, 12:19:50✨ - Status Code: undefined - Error: undefined
✨5.4.2025, 12:19:53✨ - Status Code: undefined - Error: undefined
✨5.4.2025, 12:19:57✨ - Status Code: undefined - Error: undefined
✨5.4.2025, 12:21:10✨ - Status Code: undefined - Error: undefined
✨5.4.2025, 12:21:25✨ - Status Code: 400 - Error: Invalid role provided
✨5.4.2025, 12:21:47✨ - Status Code: 400 - Error: Invalid role provided
✨5.4.2025, 12:21:59✨ - Status Code: 400 - Error: Invalid role provided
✨5.4.2025, 12:24:34✨ - Status Code: 400 - Error: Invalid role provided
✨5.4.2025, 12:26:36✨ - Status Code: 400 - Error: Invalid role provided
✨5.4.2025, 12:27:13✨ - Status Code: 400 - Error: Invalid role provided
✨5.4.2025, 12:27:28✨ - Status Code: 400 - Error: Invalid role provided
✨5.4.2025, 12:29:04✨ - Status Code: 404 - Error: User not found
✨5.4.2025, 12:30:22✨ - Status Code: 404 - Error: User not found
✨5.4.2025, 12:32:01✨ - Status Code: 404 - Error: User not found
✨5.4.2025, 12:32:45✨ - Status Code: undefined - Error: undefined
✨5.4.2025, 12:32:48✨ - Status Code: undefined - Error: undefined
✨5.4.2025, 12:32:55✨ - Status Code: undefined - Error: undefined
✨5.4.2025, 12:33:01✨ - Status Code: undefined - Error: undefined
✨5.4.2025, 12:33:14✨ - Status Code: undefined - Error: undefined
✨5.4.2025, 12:33:17✨ - Status Code: undefined - Error: undefined
✨5.4.2025, 12:33:24✨ - Status Code: undefined - Error: undefined
✨5.4.2025, 12:33:26✨ - Status Code: undefined - Error: undefined
✨5.4.2025, 12:33:31✨ - Status Code: undefined - Error: undefined
✨5.4.2025, 12:33:41✨ - Status Code: undefined - Error: undefined
✨5.4.2025, 12:33:48✨ - Status Code: 500 - Error: patchUserRole is not defined
✨5.4.2025, 12:34:19✨ - Status Code: undefined - Error: undefined
✨5.4.2025, 12:34:23✨ - Status Code: undefined - Error: undefined
✨5.4.2025, 12:34:24✨ - Status Code: undefined - Error: undefined
✨5.4.2025, 12:35:11✨ - Status Code: undefined - Error: undefined
✨5.4.2025, 12:35:14✨ - Status Code: undefined - Error: undefined
✨5.4.2025, 12:35:19✨ - Status Code: 500 - Error: Cast to string failed for value "{ role: 'Client' }" (type Object) at path "role"
✨5.4.2025, 12:37:12✨ - Status Code: undefined - Error: undefined
✨5.4.2025, 13:00:09✨ - Status Code: 401 - Error: You Cannot access
✨5.4.2025, 13:00:09✨ - Status Code: 401 - Error: You Cannot access
✨5.4.2025, 13:00:11✨ - Status Code: 401 - Error: You Cannot access
✨5.4.2025, 13:00:11✨ - Status Code: 401 - Error: You Cannot access
✨5.4.2025, 13:00:13✨ - Status Code: 401 - Error: You Cannot access
✨5.4.2025, 13:00:13✨ - Status Code: 401 - Error: You Cannot access
✨5.4.2025, 13:00:13✨ - Status Code: 401 - Error: You Cannot access
✨5.4.2025, 13:00:13✨ - Status Code: 401 - Error: You Cannot access
✨5.4.2025, 13:00:56✨ - Status Code: undefined - Error: undefined
✨5.4.2025, 13:01:00✨ - Status Code: undefined - Error: undefined
✨5.4.2025, 13:01:10✨ - Status Code: undefined - Error: undefined
✨5.4.2025, 13:01:15✨ - Status Code: undefined - Error: undefined
✨5.4.2025, 13:01:29✨ - Status Code: undefined - Error: undefined
✨5.4.2025, 13:01:52✨ - Status Code: undefined - Error: undefined
✨5.4.2025, 13:01:55✨ - Status Code: undefined - Error: undefined
✨5.4.2025, 13:02:07✨ - Status Code: undefined - Error: undefined
✨5.4.2025, 13:02:10✨ - Status Code: undefined - Error: undefined
✨5.4.2025, 13:02:22✨ - Status Code: undefined - Error: undefined
✨5.4.2025, 13:02:25✨ - Status Code: undefined - Error: undefined
✨5.4.2025, 13:02:33✨ - Status Code: undefined - Error: undefined
✨5.4.2025, 13:02:36✨ - Status Code: undefined - Error: undefined
✨5.4.2025, 13:03:00✨ - Status Code: undefined - Error: undefined
✨5.4.2025, 13:03:01✨ - Status Code: undefined - Error: undefined
✨5.4.2025, 13:03:10✨ - Status Code: undefined - Error: undefined
✨5.4.2025, 13:03:12✨ - Status Code: undefined - Error: undefined
✨5.4.2025, 13:03:24✨ - Status Code: undefined - Error: undefined
✨5.4.2025, 13:03:26✨ - Status Code: undefined - Error: undefined
✨5.4.2025, 13:04:09✨ - Status Code: undefined - Error: undefined
✨5.4.2025, 13:04:10✨ - Status Code: undefined - Error: undefined
✨5.4.2025, 13:04:13✨ - Status Code: undefined - Error: undefined
✨5.4.2025, 13:04:40✨ - Status Code: undefined - Error: undefined
✨5.4.2025, 13:04:51✨ - Status Code: undefined - Error: undefined
✨5.4.2025, 13:04:55✨ - Status Code: undefined - Error: undefined
✨5.4.2025, 13:04:57✨ - Status Code: undefined - Error: undefined
✨5.4.2025, 13:05:10✨ - Status Code: undefined - Error: undefined
✨5.4.2025, 13:05:19✨ - Status Code: undefined - Error: undefined
✨5.4.2025, 13:05:22✨ - Status Code: undefined - Error: undefined
✨5.4.2025, 13:05:25✨ - Status Code: undefined - Error: undefined
✨5.4.2025, 13:05:30✨ - Status Code: undefined - Error: undefined
✨5.4.2025, 13:05:35✨ - Status Code: undefined - Error: undefined
✨5.4.2025, 13:05:47✨ - Status Code: undefined - Error: undefined
✨5.4.2025, 13:05:51✨ - Status Code: undefined - Error: undefined
✨5.4.2025, 13:05:55✨ - Status Code: undefined - Error: undefined
✨5.4.2025, 13:06:18✨ - Status Code: undefined - Error: undefined
✨5.4.2025, 13:06:22✨ - Status Code: undefined - Error: undefined
✨5.4.2025, 13:06:24✨ - Status Code: undefined - Error: undefined
✨5.4.2025, 13:06:27✨ - Status Code: undefined - Error: undefined
✨5.4.2025, 13:06:30✨ - Status Code: undefined - Error: undefined
✨5.4.2025, 13:06:49✨ - Status Code: undefined - Error: undefined
✨5.4.2025, 13:07:08✨ - Status Code: undefined - Error: undefined
✨5.4.2025, 13:07:10✨ - Status Code: undefined - Error: undefined
✨5.4.2025, 13:07:12✨ - Status Code: undefined - Error: undefined
✨5.4.2025, 13:07:14✨ - Status Code: undefined - Error: undefined
✨5.4.2025, 13:07:24✨ - Status Code: undefined - Error: undefined
✨5.4.2025, 13:07:26✨ - Status Code: undefined - Error: undefined
✨5.4.2025, 13:07:29✨ - Status Code: undefined - Error: undefined
✨5.4.2025, 13:07:32✨ - Status Code: undefined - Error: undefined
✨5.4.2025, 13:07:34✨ - Status Code: undefined - Error: undefined
✨5.4.2025, 13:08:00✨ - Status Code: undefined - Error: undefined
✨5.4.2025, 13:08:12✨ - Status Code: undefined - Error: undefined
✨5.4.2025, 13:08:15✨ - Status Code: undefined - Error: undefined
✨5.4.2025, 13:08:17✨ - Status Code: undefined - Error: undefined
✨5.4.2025, 13:09:05✨ - Status Code: undefined - Error: undefined
✨5.4.2025, 13:09:07✨ - Status Code: undefined - Error: undefined
✨5.4.2025, 13:09:30✨ - Status Code: undefined - Error: undefined
✨5.4.2025, 13:09:32✨ - Status Code: undefined - Error: undefined
✨5.4.2025, 13:10:04✨ - Status Code: undefined - Error: undefined
✨5.4.2025, 13:10:08✨ - Status Code: undefined - Error: undefined
✨5.4.2025, 13:11:46✨ - Status Code: undefined - Error: undefined
✨5.4.2025, 13:12:35✨ - Status Code: 401 - Error: You Cannot access
✨5.4.2025, 13:12:36✨ - Status Code: 401 - Error: You Cannot access
✨5.4.2025, 13:12:36✨ - Status Code: 401 - Error: You Cannot access
✨5.4.2025, 13:12:36✨ - Status Code: 401 - Error: You Cannot access
✨5.4.2025, 13:12:36✨ - Status Code: 401 - Error: You Cannot access
✨5.4.2025, 13:12:37✨ - Status Code: 401 - Error: You Cannot access
✨5.4.2025, 13:12:37✨ - Status Code: 401 - Error: You Cannot access
✨5.4.2025, 13:12:39✨ - Status Code: 401 - Error: You Cannot access
✨5.4.2025, 13:12:39✨ - Status Code: 401 - Error: You Cannot access
✨5.4.2025, 13:12:40✨ - Status Code: 401 - Error: You Cannot access
✨5.4.2025, 13:12:40✨ - Status Code: 401 - Error: You Cannot access
✨5.4.2025, 13:44:15✨ - Status Code: 401 - Error: Unauthorized
✨5.4.2025, 13:49:20✨ - Status Code: 401 - Error: Unauthorized
✨5.4.2025, 13:49:55✨ - Status Code: undefined - Error: undefined
✨5.4.2025, 13:50:00✨ - Status Code: undefined - Error: undefined
✨5.4.2025, 13:53:58✨ - Status Code: undefined - Error: undefined
✨5.4.2025, 13:54:01✨ - Status Code: undefined - Error: undefined
✨5.4.2025, 13:54:02✨ - Status Code: undefined - Error: undefined
✨5.4.2025, 13:54:05✨ - Status Code: undefined - Error: undefined
✨5.4.2025, 13:54:10✨ - Status Code: undefined - Error: undefined
✨5.4.2025, 13:54:12✨ - Status Code: undefined - Error: undefined
✨5.4.2025, 13:54:21✨ - Status Code: undefined - Error: undefined
✨5.4.2025, 13:54:23✨ - Status Code: undefined - Error: undefined
✨5.4.2025, 13:54:28✨ - Status Code: undefined - Error: undefined
✨5.4.2025, 13:54:38✨ - Status Code: undefined - Error: undefined
✨5.4.2025, 13:54:40✨ - Status Code: undefined - Error: undefined
✨5.4.2025, 13:54:42✨ - Status Code: undefined - Error: undefined
✨5.4.2025, 13:55:00✨ - Status Code: undefined - Error: undefined
✨5.4.2025, 13:55:01✨ - Status Code: undefined - Error: undefined
✨5.4.2025, 13:55:06✨ - Status Code: undefined - Error: undefined
✨5.4.2025, 13:55:09✨ - Status Code: undefined - Error: undefined
✨5.4.2025, 13:55:12✨ - Status Code: undefined - Error: undefined
✨5.4.2025, 13:55:18✨ - Status Code: undefined - Error: undefined
✨5.4.2025, 13:55:20✨ - Status Code: undefined - Error: undefined
✨5.4.2025, 13:55:44✨ - Status Code: undefined - Error: undefined
✨5.4.2025, 13:55:47✨ - Status Code: undefined - Error: undefined
✨5.4.2025, 13:55:50✨ - Status Code: undefined - Error: undefined
✨5.4.2025, 13:55:57✨ - Status Code: undefined - Error: undefined
✨5.4.2025, 13:56:00✨ - Status Code: undefined - Error: undefined
✨5.4.2025, 13:56:01✨ - Status Code: undefined - Error: undefined
✨5.4.2025, 13:56:03✨ - Status Code: undefined - Error: undefined
✨5.4.2025, 13:57:31✨ - Status Code: undefined - Error: undefined
✨5.4.2025, 13:57:52✨ - Status Code: undefined - Error: undefined
✨5.4.2025, 13:57:55✨ - Status Code: undefined - Error: undefined
✨5.4.2025, 13:57:59✨ - Status Code: undefined - Error: undefined
✨5.4.2025, 13:58:03✨ - Status Code: undefined - Error: undefined
✨5.4.2025, 13:58:43✨ - Status Code: undefined - Error: undefined
✨5.4.2025, 13:58:51✨ - Status Code: undefined - Error: undefined
✨5.4.2025, 13:58:57✨ - Status Code: undefined - Error: undefined
✨5.4.2025, 13:59:11✨ - Status Code: undefined - Error: undefined
✨5.4.2025, 13:59:15✨ - Status Code: undefined - Error: undefined
✨5.4.2025, 13:59:19✨ - Status Code: undefined - Error: undefined
✨5.4.2025, 13:59:21✨ - Status Code: undefined - Error: undefined
✨5.4.2025, 13:59:26✨ - Status Code: undefined - Error: undefined
✨5.4.2025, 13:59:28✨ - Status Code: undefined - Error: undefined
✨5.4.2025, 13:59:45✨ - Status Code: undefined - Error: undefined
✨5.4.2025, 14:49:13✨ - Status Code: 400 - Error: "product_name" length must be less than or equal to 50 characters long
